{"ts":"2025-09-06T08:29:54.129Z","rid":"0qdu3le9","method":"GET","url":"/","status":200,"ms":17,"ip":"::1","body":"{}"}
{"ts":"2025-09-06T08:29:54.203Z","rid":"pztb3670","method":"GET","url":"/favicon.ico","status":500,"ms":3,"ip":"::1","ref":"http://localhost:8080/","body":"{}"}
{"ts":"2025-09-06T08:33:07.011Z","rid":"kvwvq47x","method":"GET","url":"/health","status":200,"ms":3,"ip":"::1","body":"{}"}
{"ts":"2025-09-06T08:33:07.062Z","rid":"uimfohul","method":"GET","url":"/favicon.ico","status":500,"ms":3,"ip":"::1","ref":"http://localhost:8080/health","body":"{}"}
{"ts":"2025-09-06T08:34:15.360Z","rid":"dd5xy3ip","method":"GET","url":"/shorturls","status":500,"ms":2,"ip":"::1","body":"{}"}
{"ts":"2025-09-06T08:34:15.422Z","rid":"t4ae64y3","method":"GET","url":"/favicon.ico","status":500,"ms":3,"ip":"::1","ref":"http://localhost:8080/shorturls","body":"{}"}
{"ts":"2025-09-06T08:40:25.786Z","rid":"bstlbseo","method":"GET","url":"/health","status":200,"ms":3,"ip":"::1","body":"{\"name\":\"Alice\",\"course\":\"Science\"}"}
{"ts":"2025-09-06T08:43:09.305Z","rid":"muvzvzrl","method":"GET","url":"/health","status":200,"ms":2,"ip":"::1","body":"{\"name\":\"Alice\",\"course\":\"Science\"}"}
{"ts":"2025-09-06T08:44:09.594Z","rid":"1g2uis5m","method":"GET","url":"/health","status":200,"ms":5,"ip":"::1","body":"{\"name\":\"Alice\",\"course\":\"Science\"}"}
{"ts":"2025-09-06T08:44:33.319Z","rid":"stfhbhom","method":"POST","url":"/shorturls","status":400,"ms":8,"ip":"::1","body":"{\"name\":\"Alice\",\"course\":\"Science\"}"}
{"ts":"2025-09-06T08:46:05.048Z","rid":"axpjlsj5","method":"POST","url":"/shorturls%0A","status":404,"ms":14,"ip":"::1","body":"{\"name\":\"Alice\",\"course\":\"Science\"}"}
{"ts":"2025-09-06T08:46:22.565Z","rid":"60xznbjh","method":"POST","url":"/shorturls%0A","status":404,"ms":1,"ip":"::1","body":"{\"name\":\"Alice\",\"course\":\"Science\"}"}
{"ts":"2025-09-06T08:46:57.529Z","rid":"7hcsdzd0","method":"POST","url":"/shorturls%0A","status":404,"ms":1,"ip":"::1","body":"{\"url\":\"https://example.com/my-long-page\",\"validity\":10,\"shortcode\":\"mytest1\"}"}
{"ts":"2025-09-06T08:47:00.304Z","rid":"7cxswi9e","method":"POST","url":"/shorturls%0A","status":404,"ms":3,"ip":"::1","body":"{\"url\":\"https://example.com/my-long-page\",\"validity\":10,\"shortcode\":\"mytest1\"}"}
{"ts":"2025-09-06T08:47:24.570Z","rid":"wkpv6cdl","method":"GET","url":"/shorturls","status":500,"ms":6,"ip":"::1","body":"{}"}
{"ts":"2025-09-06T08:47:24.625Z","rid":"vi5wohwg","method":"GET","url":"/favicon.ico","status":500,"ms":2,"ip":"::1","ref":"http://localhost:8080/shorturls","body":"{}"}
{"ts":"2025-09-06T08:47:26.976Z","rid":"ntjw1mu0","method":"GET","url":"/shorturls","status":500,"ms":2,"ip":"::1","body":"{}"}
{"ts":"2025-09-06T08:47:27.002Z","rid":"u6eud4nj","method":"GET","url":"/favicon.ico","status":500,"ms":1,"ip":"::1","ref":"http://localhost:8080/shorturls","body":"{}"}
{"ts":"2025-09-06T08:47:27.936Z","rid":"79jmd87a","method":"GET","url":"/shorturls","status":500,"ms":1,"ip":"::1","body":"{}"}
{"ts":"2025-09-06T08:47:27.964Z","rid":"c73cz483","method":"GET","url":"/favicon.ico","status":500,"ms":3,"ip":"::1","ref":"http://localhost:8080/shorturls","body":"{}"}
{"ts":"2025-09-06T08:48:54.296Z","rid":"1xcd8r6q","method":"POST","url":"/shorturls%0A","status":404,"ms":2,"ip":"::1","body":"{\"url\":\"https://example.com/my-long-page\",\"validity\":10}"}
{"ts":"2025-09-06T08:48:57.900Z","rid":"2ced0zjm","method":"GET","url":"/shorturls","status":500,"ms":3,"ip":"::1","body":"{}"}
{"ts":"2025-09-06T08:48:57.934Z","rid":"60bc8jgu","method":"GET","url":"/favicon.ico","status":500,"ms":2,"ip":"::1","ref":"http://localhost:8080/shorturls","body":"{}"}
{"ts":"2025-09-06T08:48:59.051Z","rid":"08mjgeio","method":"GET","url":"/shorturls","status":500,"ms":2,"ip":"::1","body":"{}"}
{"ts":"2025-09-06T08:48:59.092Z","rid":"tk7sl8vx","method":"GET","url":"/favicon.ico","status":500,"ms":2,"ip":"::1","ref":"http://localhost:8080/shorturls","body":"{}"}
{"ts":"2025-09-06T08:49:01.665Z","rid":"0otuntr0","method":"GET","url":"/health","status":200,"ms":2,"ip":"::1","body":"{}"}
{"ts":"2025-09-06T08:49:01.694Z","rid":"tkdj8d75","method":"GET","url":"/favicon.ico","status":500,"ms":2,"ip":"::1","ref":"http://localhost:8080/health","body":"{}"}
{"ts":"2025-09-06T08:51:11.288Z","rid":"rhbrz0x8","method":"GET","url":"/","status":200,"ms":18,"ip":"::1","body":"{}"}
{"ts":"2025-09-06T08:51:11.421Z","rid":"xlccrxak","method":"GET","url":"/favicon.ico","status":404,"ms":5,"ip":"::1","ref":"http://localhost:8080/","body":"{}"}
{"ts":"2025-09-06T08:52:23.376Z","rid":"r1z4o9ij","method":"GET","url":"/shorturls","status":200,"ms":2,"ip":"::1","body":"{\"url\":\"https://example.com/my-long-page\",\"validity\":10}"}
{"ts":"2025-09-06T08:53:01.178Z","rid":"6blkw23k","method":"POST","url":"/shorturls","status":201,"ms":9,"ip":"::1","body":"{\"url\":\"https://example.com/my-long-page\",\"validity\":10}"}
{"ts":"2025-09-06T08:54:34.506Z","rid":"l60hjvnr","method":"POST","url":"/shorturls","status":201,"ms":8,"ip":"::1","body":"{\"url\":\"https://www.google.com\",\"validity\":30}"}
{"ts":"2025-09-06T08:55:04.487Z","rid":"ycvnfxgs","method":"GET","url":"/","status":200,"ms":1,"ip":"::1","body":"{}"}
{"ts":"2025-09-06T08:55:05.631Z","rid":"0ln3bb06","method":"GET","url":"/","status":200,"ms":1,"ip":"::1","body":"{}"}
{"ts":"2025-09-06T08:55:06.403Z","rid":"3nsf81id","method":"GET","url":"/","status":200,"ms":2,"ip":"::1","body":"{}"}
{"ts":"2025-09-06T08:55:12.087Z","rid":"74kovlg2","method":"GET","url":"/shorturls","status":200,"ms":4,"ip":"::1","body":"{}"}
{"ts":"2025-09-06T08:55:16.460Z","rid":"cqjsyqlk","method":"GET","url":"/shorturls","status":304,"ms":5,"ip":"::1","body":"{}"}
{"ts":"2025-09-06T08:56:16.371Z","rid":"jp6csv1z","method":"GET","url":"/ObNygH","status":302,"ms":9,"ip":"::1","body":"{}"}
{"ts":"2025-09-06T08:56:25.982Z","rid":"b4imd87z","method":"GET","url":"/","status":200,"ms":2,"ip":"::1","body":"{}"}
{"ts":"2025-09-06T08:56:28.753Z","rid":"z1ajb9co","method":"GET","url":"/shorturls","status":200,"ms":2,"ip":"::1","body":"{}"}
{"ts":"2025-09-06T08:56:29.513Z","rid":"sifo9mjh","method":"GET","url":"/shorturls","status":304,"ms":2,"ip":"::1","body":"{}"}
{"ts":"2025-09-06T08:57:05.169Z","rid":"49m1dhyy","method":"GET","url":"/shorturls","status":200,"ms":0,"ip":"::1","body":"{}"}
{"ts":"2025-09-06T09:01:25.857Z","rid":"74a46y25","method":"GET","url":"/health","status":200,"ms":1,"ip":"::1","body":"{}"}
{"ts":"2025-09-06T09:01:28.598Z","rid":"afln3v3p","method":"GET","url":"/shorturls","status":304,"ms":2,"ip":"::1","body":"{}"}
{"ts":"2025-09-06T09:01:32.054Z","rid":"m178mf0e","method":"GET","url":"/","status":200,"ms":1,"ip":"::1","body":"{}"}
{"ts":"2025-09-06T09:02:45.294Z","rid":"n26wlu8x","method":"POST","url":"/shorturls","status":400,"ms":1,"ip":"::1","body":"{}"}
{"ts":"2025-09-06T09:03:52.313Z","rid":"zdttqtl2","method":"POST","url":"/shorturls","status":400,"ms":1,"ip":"::1","body":"{}"}
{"ts":"2025-09-06T09:03:54.406Z","rid":"worwgo4a","method":"POST","url":"/shorturls","status":400,"ms":1,"ip":"::1","body":"{}"}
{"ts":"2025-09-06T09:04:19.993Z","rid":"1xs00pkn","method":"POST","url":"/shorturls","status":400,"ms":1,"ip":"::1","body":"{}"}
{"ts":"2025-09-06T09:04:44.040Z","rid":"oxibdp1n","method":"POST","url":"/shorturls","status":400,"ms":1,"ip":"::1","body":"{}"}
{"ts":"2025-09-06T09:12:25.487Z","rid":"truemrva","method":"POST","url":"/shorturls","status":201,"ms":7,"ip":"::1","body":"{\"url\":\"https://www.google.com\",\"validity\":30}"}
{"ts":"2025-09-06T09:12:35.264Z","rid":"w2h48gmu","method":"GET","url":"/E8IhEI","status":302,"ms":9,"ip":"::1","body":"{}"}
